Watching for file changes with StatReloader
[17/Apr/2026 07:25:03] "GET /admin/ HTTP/1.1" 302 0
[17/Apr/2026 07:25:03] "GET /admin/login/?next=/admin/ HTTP/1.1" 200 4077
[17/Apr/2026 07:25:03] "GET /static/admin/css/base.css HTTP/1.1" 304 0
[17/Apr/2026 07:25:03] "GET /static/admin/css/dark_mode.css HTTP/1.1" 304 0
[17/Apr/2026 07:25:03] "GET /static/admin/js/theme.js HTTP/1.1" 304 0
[17/Apr/2026 07:25:03] "GET /static/admin/css/login.css HTTP/1.1" 304 0
[17/Apr/2026 07:25:04] "GET /static/admin/css/responsive.css HTTP/1.1" 304 0
[17/Apr/2026 07:25:04] "GET /static/admin/css/nav_sidebar.css HTTP/1.1" 304 0
[17/Apr/2026 07:25:04] "GET /static/admin/js/nav_sidebar.js HTTP/1.1" 304 0
[17/Apr/2026 07:25:21] "GET /admin/%EB%A1%9C HTTP/1.1" 302 0
[17/Apr/2026 07:25:21] "GET /admin/login/?next=/admin/%25EB%25A1%259C HTTP/1.1" 200 4101
[17/Apr/2026 07:25:21] "GET /static/admin/css/base.css HTTP/1.1" 304 0
[17/Apr/2026 07:25:21] "GET /static/admin/css/dark_mode.css HTTP/1.1" 304 0
[17/Apr/2026 07:25:21] "GET /static/admin/js/theme.js HTTP/1.1" 304 0
[17/Apr/2026 07:25:21] "GET /static/admin/css/responsive.css HTTP/1.1" 304 0
[17/Apr/2026 07:25:21] "GET /static/admin/css/login.css HTTP/1.1" 304 0
[17/Apr/2026 07:25:21] "GET /static/admin/css/nav_sidebar.css HTTP/1.1" 304 0
[17/Apr/2026 07:25:21] "GET /static/admin/js/nav_sidebar.js HTTP/1.1" 304 0
Not Found: /
[17/Apr/2026 07:25:31] "GET / HTTP/1.1" 404 2620
[17/Apr/2026 07:25:44] "GET /admin/%EB%A1%9C HTTP/1.1" 302 0
[17/Apr/2026 07:25:44] "GET /admin/login/?next=/admin/%25EB%25A1%259C HTTP/1.1" 200 4101
[17/Apr/2026 07:25:44] "GET /static/admin/css/nav_sidebar.css HTTP/1.1" 304 0
[17/Apr/2026 07:25:44] "GET /static/admin/css/dark_mode.css HTTP/1.1" 304 0
[17/Apr/2026 07:25:44] "GET /static/admin/css/base.css HTTP/1.1" 304 0
[17/Apr/2026 07:25:44] "GET /static/admin/js/theme.js HTTP/1.1" 304 0
[17/Apr/2026 07:25:44] "GET /static/admin/css/responsive.css HTTP/1.1" 304 0
[17/Apr/2026 07:25:44] "GET /static/admin/css/login.css HTTP/1.1" 304 0
[17/Apr/2026 07:25:45] "GET /static/admin/js/nav_sidebar.js HTTP/1.1" 304 0
[17/Apr/2026 07:25:52] "GET /admin/login/?next=api/accounts//%25EB%25A1%259C HTTP/1.1" 200 4115
[17/Apr/2026 07:26:11] "GET /admin/%EB%A1%9C HTTP/1.1" 302 0
[17/Apr/2026 07:26:11] "GET /admin/login/?next=/admin/%25EB%25A1%259C HTTP/1.1" 200 4101
[17/Apr/2026 07:26:11] "GET /static/admin/css/base.css HTTP/1.1" 200 23100
[17/Apr/2026 07:26:11] "GET /static/admin/css/login.css HTTP/1.1" 200 951
[17/Apr/2026 07:26:11] "GET /static/admin/css/nav_sidebar.css HTTP/1.1" 200 2810
[17/Apr/2026 07:26:11] "GET /static/admin/css/dark_mode.css HTTP/1.1" 200 3538
[17/Apr/2026 07:26:11] "GET /static/admin/css/responsive.css HTTP/1.1" 200 16273
[17/Apr/2026 07:26:11] "GET /static/admin/js/theme.js HTTP/1.1" 200 1653
[17/Apr/2026 07:26:11] "GET /static/admin/js/nav_sidebar.js HTTP/1.1" 200 3063
Not Found: /favicon.ico
[17/Apr/2026 07:26:12] "GET /favicon.ico HTTP/1.1" 404 2671
[17/Apr/2026 07:30:38] "GET /admin/%EB%A1%9C HTTP/1.1" 302 0
[17/Apr/2026 07:30:38] "GET /admin/login/?next=/admin/%25EB%25A1%259C HTTP/1.1" 200 4101
[17/Apr/2026 07:30:38] "GET /static/admin/js/theme.js HTTP/1.1" 304 0
[17/Apr/2026 07:30:38] "GET /static/admin/css/responsive.css HTTP/1.1" 304 0
[17/Apr/2026 07:30:38] "GET /static/admin/css/login.css HTTP/1.1" 304 0
[17/Apr/2026 07:30:38] "GET /static/admin/css/base.css HTTP/1.1" 304 0
[17/Apr/2026 07:30:58] "GET /static/admin/css/nav_sidebar.css HTTP/1.1" 304 0
[17/Apr/2026 07:30:58] "GET /static/admin/css/dark_mode.css HTTP/1.1" 304 0
[17/Apr/2026 07:30:58] "GET /static/admin/js/nav_sidebar.js HTTP/1.1" 304 0
[17/Apr/2026 07:31:13] "GET /admin/login/?next=/api//%25EB%25A1%259C HTTP/1.1" 200 4099
[17/Apr/2026 07:33:29] "GET /admin/%EB%A1%9C HTTP/1.1" 302 0
[17/Apr/2026 07:33:29] "GET /admin/login/?next=/admin/%25EB%25A1%259C HTTP/1.1" 200 4101
[17/Apr/2026 07:33:29] "GET /static/admin/css/dark_mode.css HTTP/1.1" 304 0
[17/Apr/2026 07:33:29] "GET /static/admin/js/theme.js HTTP/1.1" 304 0
[17/Apr/2026 07:33:29] "GET /static/admin/css/base.css HTTP/1.1" 304 0
[17/Apr/2026 07:33:29] "GET /static/admin/css/nav_sidebar.css HTTP/1.1" 304 0
[17/Apr/2026 07:33:29] "GET /static/admin/css/login.css HTTP/1.1" 304 0
[17/Apr/2026 07:33:29] "GET /static/admin/css/responsive.css HTTP/1.1" 304 0
[17/Apr/2026 07:33:29] "GET /static/admin/js/nav_sidebar.js HTTP/1.1" 304 0
[17/Apr/2026 07:33:32] "GET /admin HTTP/1.1" 301 0
[17/Apr/2026 07:33:32] "GET /admin/ HTTP/1.1" 302 0
[17/Apr/2026 07:33:32] "GET /admin/login/?next=/admin/ HTTP/1.1" 200 4077
[17/Apr/2026 07:33:44,542] - Broken pipe from ('121.149.6.220', 63426)
[17/Apr/2026 07:33:44,543] - Broken pipe from ('121.149.6.220', 60755)
[17/Apr/2026 07:33:44,543] - Broken pipe from ('121.149.6.220', 53698)
[17/Apr/2026 07:33:44,544] - Broken pipe from ('121.149.6.220', 56227)
[17/Apr/2026 07:33:44,544] - Broken pipe from ('121.149.6.220', 49321)
[17/Apr/2026 07:33:44,544] - Broken pipe from ('121.149.6.220', 57429)
[17/Apr/2026 07:34:08] "GET /admin HTTP/1.1" 301 0
[17/Apr/2026 07:34:08] "GET /admin/ HTTP/1.1" 302 0
[17/Apr/2026 07:34:08] "GET /admin/login/?next=/admin/ HTTP/1.1" 200 4077
[17/Apr/2026 07:34:08] "GET /static/admin/css/dark_mode.css HTTP/1.1" 200 3538
[17/Apr/2026 07:34:08] "GET /static/admin/css/login.css HTTP/1.1" 200 951
[17/Apr/2026 07:34:08] "GET /static/admin/css/nav_sidebar.css HTTP/1.1" 200 2810
[17/Apr/2026 07:34:08] "GET /static/admin/js/theme.js HTTP/1.1" 200 1653
[17/Apr/2026 07:34:08] "GET /static/admin/css/base.css HTTP/1.1" 200 23100
[17/Apr/2026 07:34:08] "GET /static/admin/css/responsive.css HTTP/1.1" 200 16273
[17/Apr/2026 07:34:08] "GET /static/admin/js/nav_sidebar.js HTTP/1.1" 200 3063
Not Found: /favicon.ico
[17/Apr/2026 07:34:08] "GET /favicon.ico HTTP/1.1" 404 2671
[17/Apr/2026 07:34:16] "GET /admin HTTP/1.1" 301 0
[17/Apr/2026 07:34:16] "GET /admin/ HTTP/1.1" 302 0
[17/Apr/2026 07:34:16] "GET /admin/login/?next=/admin/ HTTP/1.1" 200 4077
[17/Apr/2026 07:34:16] "GET /static/admin/css/nav_sidebar.css HTTP/1.1" 200 2810
[17/Apr/2026 07:34:16] "GET /static/admin/css/dark_mode.css HTTP/1.1" 200 3538
[17/Apr/2026 07:34:16] "GET /static/admin/js/theme.js HTTP/1.1" 200 1653
[17/Apr/2026 07:34:16] "GET /static/admin/css/base.css HTTP/1.1" 200 23100
[17/Apr/2026 07:34:16] "GET /static/admin/css/responsive.css HTTP/1.1" 200 16273
[17/Apr/2026 07:34:16] "GET /static/admin/css/login.css HTTP/1.1" 200 951
[17/Apr/2026 07:34:16] "GET /static/admin/js/nav_sidebar.js HTTP/1.1" 200 3063
Not Found: /favicon.ico
[17/Apr/2026 07:34:16] "GET /favicon.ico HTTP/1.1" 404 2671
[17/Apr/2026 07:34:23] "POST /admin/login/?next=/admin/ HTTP/1.1" 200 4242
[17/Apr/2026 07:34:49] "POST /admin/login/?next=/admin/ HTTP/1.1" 200 4251
[17/Apr/2026 07:35:01] "POST /admin/login/?next=/admin/ HTTP/1.1" 200 4252
Not Found: /
[17/Apr/2026 07:39:47] "GET / HTTP/1.1" 404 2614
[17/Apr/2026 07:39:47] "GET /admin/%EB%A1%9C HTTP/1.1" 302 0
[17/Apr/2026 07:39:47] "GET /admin/login/?next=/admin/%25EB%25A1%259C HTTP/1.1" 200 4101
Not Found: /
[17/Apr/2026 07:40:10] "GET / HTTP/1.1" 404 2620
Not Found: /favicon.ico
[17/Apr/2026 07:40:10] "GET /favicon.ico HTTP/1.1" 404 2671
[17/Apr/2026 07:40:23] "GET /admin/%EB%A1%9C HTTP/1.1" 302 0
[17/Apr/2026 07:40:23] "GET /admin/login/?next=/admin/%25EB%25A1%259C HTTP/1.1" 200 4101
[17/Apr/2026 07:40:23] "GET /static/admin/css/base.css HTTP/1.1" 200 23100
[17/Apr/2026 07:40:23] "GET /static/admin/css/dark_mode.css HTTP/1.1" 200 3538
[17/Apr/2026 07:40:23] "GET /static/admin/css/login.css HTTP/1.1" 200 951
[17/Apr/2026 07:40:23] "GET /static/admin/js/theme.js HTTP/1.1" 200 1653
[17/Apr/2026 07:40:23] "GET /static/admin/css/responsive.css HTTP/1.1" 200 16273
[17/Apr/2026 07:40:23] "GET /static/admin/css/nav_sidebar.css HTTP/1.1" 200 2810
[17/Apr/2026 07:40:23] "GET /static/admin/js/nav_sidebar.js HTTP/1.1" 200 3063
[17/Apr/2026 07:40:48] "GET /admin/ HTTP/1.1" 302 0
[17/Apr/2026 07:40:48] "GET /admin/login/?next=/admin/ HTTP/1.1" 200 4077
[17/Apr/2026 07:40:58] "GET /admin HTTP/1.1" 301 0
[17/Apr/2026 07:40:58] "GET /admin/ HTTP/1.1" 302 0
[17/Apr/2026 07:40:58] "GET /admin/login/?next=/admin/ HTTP/1.1" 200 4077
Not Found: /
[17/Apr/2026 08:26:29] "GET / HTTP/1.1" 404 2614
Not Found: /
[17/Apr/2026 08:49:58] "GET / HTTP/1.1" 404 2614
[17/Apr/2026 16:54:55] "GET /admin HTTP/1.1" 301 0
[17/Apr/2026 16:54:56] "GET /admin/ HTTP/1.1" 302 0
[17/Apr/2026 16:54:56] "GET /admin/login/?next=/admin/ HTTP/1.1" 200 4077
[17/Apr/2026 16:54:56] "GET /static/admin/css/dark_mode.css HTTP/1.1" 200 3538
[17/Apr/2026 16:54:56] "GET /static/admin/css/base.css HTTP/1.1" 200 23100
[17/Apr/2026 16:54:56] "GET /static/admin/css/nav_sidebar.css HTTP/1.1" 200 2810
[17/Apr/2026 16:54:56] "GET /static/admin/css/responsive.css HTTP/1.1" 200 16273
[17/Apr/2026 16:54:56] "GET /static/admin/js/theme.js HTTP/1.1" 200 1653
[17/Apr/2026 16:54:56] "GET /static/admin/css/login.css HTTP/1.1" 200 951
[17/Apr/2026 16:54:56] "GET /static/admin/js/nav_sidebar.js HTTP/1.1" 200 3063
Not Found: /favicon.ico
[17/Apr/2026 16:54:56] "GET /favicon.ico HTTP/1.1" 404 2671
[19/Apr/2026 12:19:03] "GET /admin HTTP/1.1" 301 0
[19/Apr/2026 12:19:03] "GET /admin/ HTTP/1.1" 302 0
[19/Apr/2026 12:19:03] "GET /admin/login/?next=/admin/ HTTP/1.1" 200 4077
Not Found: /
[19/Apr/2026 12:19:03] "GET / HTTP/1.1" 404 2614
[19/Apr/2026 12:19:03] "GET /admin/%EB%A1%9C HTTP/1.1" 302 0
[19/Apr/2026 12:19:03] "GET /admin/login/?next=/admin/%25EB%25A1%259C HTTP/1.1" 200 4101
[21/Apr/2026 04:29:28] "GET /admin/%EB%A1%9C HTTP/1.1" 302 0
[21/Apr/2026 04:29:28] "GET /admin/login/?next=/admin/%25EB%25A1%259C HTTP/1.1" 200 4101
[21/Apr/2026 04:29:28] "GET /static/admin/css/base.css HTTP/1.1" 200 23100
[21/Apr/2026 04:29:28] "GET /static/admin/css/nav_sidebar.css HTTP/1.1" 200 2810
[21/Apr/2026 04:29:28] "GET /static/admin/css/dark_mode.css HTTP/1.1" 200 3538
[21/Apr/2026 04:29:28] "GET /static/admin/js/nav_sidebar.js HTTP/1.1" 200 3063
[21/Apr/2026 04:29:28] "GET /static/admin/js/theme.js HTTP/1.1" 200 1653
[21/Apr/2026 04:29:28] "GET /static/admin/css/login.css HTTP/1.1" 200 951
[21/Apr/2026 04:29:28] "GET /static/admin/css/responsive.css HTTP/1.1" 200 16273
/volume/ELAW_Project/config/settings.py changed, reloading.
Performing system checks...

System check identified no issues (0 silenced).
April 17, 2026 - 07:24:39
Django version 6.0.4, using settings 'config.settings'
Starting development server at http://0.0.0.0:9000/
Quit the server with CONTROL-C.

WARNING: This is a development server. Do not use it in a production setting. Use a production WSGI or ASGI server instead.
For more information on production servers see: https://docs.djangoproject.com/en/6.0/howto/deployment/
Watching for file changes with StatReloader
/volume/ELAW_Project/config/settings.py changed, reloading.
Performing system checks...

System check identified no issues (0 silenced).

You have 1 unapplied migration(s). Your project may not work properly until you apply the migrations for app(s): core.
Run 'python manage.py migrate' to apply them.
April 21, 2026 - 07:13:29
Django version 6.0.4, using settings 'config.settings'
Starting development server at http://0.0.0.0:9000/
Quit the server with CONTROL-C.

WARNING: This is a development server. Do not use it in a production setting. Use a production WSGI or ASGI server instead.
For more information on production servers see: https://docs.djangoproject.com/en/6.0/howto/deployment/
Watching for file changes with StatReloader
[21/Apr/2026 08:25:27] "GET /admin HTTP/1.1" 301 0
[21/Apr/2026 08:25:27] "GET /admin/ HTTP/1.1" 302 0
[21/Apr/2026 08:25:27] "GET /admin/login/?next=/admin/ HTTP/1.1" 200 4077
[21/Apr/2026 08:26:19] "GET /admin HTTP/1.1" 301 0
[21/Apr/2026 08:26:19] "GET /admin/ HTTP/1.1" 302 0
[21/Apr/2026 08:26:19] "GET /admin/login/?next=/admin/ HTTP/1.1" 200 4077
[21/Apr/2026 08:26:19] "GET /static/admin/css/login.css HTTP/1.1" 200 951
[21/Apr/2026 08:26:19] "GET /static/admin/css/dark_mode.css HTTP/1.1" 200 3538
[21/Apr/2026 08:26:19] "GET /static/admin/css/nav_sidebar.css HTTP/1.1" 200 2810
[21/Apr/2026 08:26:19] "GET /static/admin/css/base.css HTTP/1.1" 200 23100
[21/Apr/2026 08:26:19] "GET /static/admin/css/responsive.css HTTP/1.1" 200 16273
[21/Apr/2026 08:26:19] "GET /static/admin/js/theme.js HTTP/1.1" 200 1653
[21/Apr/2026 08:26:19] "GET /static/admin/js/nav_sidebar.js HTTP/1.1" 200 3063
Not Found: /favicon.ico
[21/Apr/2026 08:26:19] "GET /favicon.ico HTTP/1.1" 404 2671
